2023-08-08 04:44:29,820 INFO    MainThread:4677 [wandb_setup.py:_flush():76] Current SDK version is 0.15.4
2023-08-08 04:44:29,821 INFO    MainThread:4677 [wandb_setup.py:_flush():76] Configure stats pid to 4677
2023-08-08 04:44:29,821 INFO    MainThread:4677 [wandb_setup.py:_flush():76] Loading settings from /root/.config/wandb/settings
2023-08-08 04:44:29,821 INFO    MainThread:4677 [wandb_setup.py:_flush():76] Loading settings from /discobox/wjpeng/code/202306/ngc-workspace/segment_video/wandb/settings
2023-08-08 04:44:29,821 INFO    MainThread:4677 [wandb_setup.py:_flush():76] Loading settings from environment variables: {}
2023-08-08 04:44:29,821 INFO    MainThread:4677 [wandb_setup.py:_flush():76] Inferring run settings from compute environment: {'program_relpath': 'segment_video/visualize_video.py', 'program': 'visualize_video.py'}
2023-08-08 04:44:29,821 INFO    MainThread:4677 [wandb_setup.py:_flush():76] Applying login settings: {'api_key': '***REDACTED***'}
2023-08-08 04:44:29,821 INFO    MainThread:4677 [wandb_init.py:_log_setup():507] Logging user logs to /discobox/wjpeng/code/202306/ngc-workspace/segment_video/wandb/run-20230808_044429-ge07s1nf/logs/debug.log
2023-08-08 04:44:29,821 INFO    MainThread:4677 [wandb_init.py:_log_setup():508] Logging internal logs to /discobox/wjpeng/code/202306/ngc-workspace/segment_video/wandb/run-20230808_044429-ge07s1nf/logs/debug-internal.log
2023-08-08 04:44:29,822 INFO    MainThread:4677 [wandb_init.py:init():547] calling init triggers
2023-08-08 04:44:29,822 INFO    MainThread:4677 [wandb_init.py:init():554] wandb.init called with sweep_config: {}
config: {}
2023-08-08 04:44:29,822 INFO    MainThread:4677 [wandb_init.py:init():596] starting backend
2023-08-08 04:44:29,822 INFO    MainThread:4677 [wandb_init.py:init():600] setting up manager
2023-08-08 04:44:29,825 INFO    MainThread:4677 [backend.py:_multiprocessing_setup():106] multiprocessing start_methods=fork,spawn,forkserver, using: spawn
2023-08-08 04:44:29,834 INFO    MainThread:4677 [wandb_init.py:init():606] backend started and connected
2023-08-08 04:44:29,837 INFO    MainThread:4677 [wandb_init.py:init():703] updated telemetry
2023-08-08 04:44:29,861 INFO    MainThread:4677 [wandb_init.py:init():736] communicating run to backend with 60.0 second timeout
2023-08-08 04:44:30,145 INFO    MainThread:4677 [wandb_run.py:_on_init():2176] communicating current version
2023-08-08 04:44:30,217 INFO    MainThread:4677 [wandb_run.py:_on_init():2185] got version response upgrade_message: "wandb version 0.15.8 is available!  To upgrade, please run:\n $ pip install wandb --upgrade"

2023-08-08 04:44:30,217 INFO    MainThread:4677 [wandb_init.py:init():787] starting run threads in backend
2023-08-08 04:44:42,674 INFO    MainThread:4677 [wandb_run.py:_console_start():2155] atexit reg
2023-08-08 04:44:42,675 INFO    MainThread:4677 [wandb_run.py:_redirect():2010] redirect: SettingsConsole.WRAP_RAW
2023-08-08 04:44:42,675 INFO    MainThread:4677 [wandb_run.py:_redirect():2075] Wrapping output streams.
2023-08-08 04:44:42,675 INFO    MainThread:4677 [wandb_run.py:_redirect():2100] Redirects installed.
2023-08-08 04:44:42,676 INFO    MainThread:4677 [wandb_init.py:init():828] run started, returning control to user process
2023-08-08 04:44:44,366 ERROR   MainThread:4677 [util.py:get_module():227] Error importing optional module moviepy.editor
Traceback (most recent call last):
  File "/discobox/wjpeng/env/openVCLIP/lib/python3.8/site-packages/wandb/util.py", line 189, in import_module_lazy
    return sys.modules[name]
KeyError: 'moviepy.editor'

During handling of the above exception, another exception occurred:

Traceback (most recent call last):
  File "/discobox/wjpeng/env/openVCLIP/lib/python3.8/site-packages/wandb/util.py", line 222, in get_module
    return import_module_lazy(name)
  File "/discobox/wjpeng/env/openVCLIP/lib/python3.8/site-packages/wandb/util.py", line 191, in import_module_lazy
    module_spec = importlib.util.find_spec(name)
  File "/discobox/wjpeng/env/openVCLIP/lib/python3.8/importlib/util.py", line 94, in find_spec
    parent = __import__(parent_name, fromlist=['__path__'])
ModuleNotFoundError: No module named 'moviepy'
2023-08-08 04:44:50,144 WARNING MsgRouterThr:4677 [router.py:message_loop():77] message_loop has been closed
